\BOOKMARK [1][-]{section.1}{Introduction}{}% 1
\BOOKMARK [1][-]{section.2}{PyTracer design}{}% 2
\BOOKMARK [2][-]{subsection.2.1}{Python code instrumentation}{section.2}% 3
\BOOKMARK [3][-]{subsubsection.2.1.1}{Intercepting module import}{subsection.2.1}% 4
\BOOKMARK [3][-]{subsubsection.2.1.2}{Instrumenting module functions}{subsection.2.1}% 5
\BOOKMARK [3][-]{subsubsection.2.1.3}{Instrumenting classes}{subsection.2.1}% 6
\BOOKMARK [3][-]{subsubsection.2.1.4}{Instrumenting class instances}{subsection.2.1}% 7
\BOOKMARK [3][-]{subsubsection.2.1.5}{Instrumenting iterators}{subsection.2.1}% 8
\BOOKMARK [2][-]{subsection.2.2}{Detecting numerical instabilities}{section.2}% 9
\BOOKMARK [3][-]{subsubsection.2.2.1}{Noise injection}{subsection.2.2}% 10
\BOOKMARK [3][-]{subsubsection.2.2.2}{Trace format}{subsection.2.2}% 11
\BOOKMARK [3][-]{subsubsection.2.2.3}{Trace aggregation}{subsection.2.2}% 12
\BOOKMARK [2][-]{subsection.2.3}{Interactive visualization}{section.2}% 13
\BOOKMARK [1][-]{section.3}{Numerical evaluations}{}% 14
\BOOKMARK [2][-]{subsection.3.1}{Results overview}{section.3}% 15
\BOOKMARK [2][-]{subsection.3.2}{Effect of MCA modes}{section.3}% 16
\BOOKMARK [2][-]{subsection.3.3}{SciPy}{section.3}% 17
\BOOKMARK [3][-]{subsubsection.3.3.1}{FFT}{subsection.3.3}% 18
\BOOKMARK [2][-]{subsection.3.4}{Interpolation}{section.3}% 19
\BOOKMARK [3][-]{subsubsection.3.4.1}{Optimization}{subsection.3.4}% 20
\BOOKMARK [2][-]{subsection.3.5}{Scikit learn}{section.3}% 21
\BOOKMARK [2][-]{subsection.3.6}{Overhead evaluation}{section.3}% 22
\BOOKMARK [1][-]{section.4}{Discussion}{}% 23
\BOOKMARK [1][-]{section.5}{Related work}{}% 24
\BOOKMARK [1][-]{section.6}{Conclusion}{}% 25
